-------------------------------------------------------------------------------
Test set: com.example.demo.DemoApplicationTests
-------------------------------------------------------------------------------
Tests run: 1, Failures: 0, Errors: 1, Skipped: 0, Time elapsed: 4.516 s <<< FAILURE! - in com.example.demo.DemoApplicationTests
contextLoads  Time elapsed: 0.001 s  <<< ERROR!
java.lang.IllegalStateException: Failed to load ApplicationContext
Caused by: org.springframework.beans.factory.UnsatisfiedDependencyException: Error creating bean with name 'customSecurityFilter': Unsatisfied dependency expressed through field 'objectMapper'; nested exception is org.springframework.beans.factory.UnsatisfiedDependencyException: Error creating bean with name 'springSecurityConfig': Unsatisfied dependency expressed through field 'accessDeniedHandler'; nested exception is org.springframework.beans.factory.UnsatisfiedDependencyException: Error creating bean with name 'customAccessDeniedHandler': Unsatisfied dependency expressed through field 'objectMapper'; nested exception is org.springframework.beans.factory.BeanCurrentlyInCreationException: Error creating bean with name 'objectMapper': Requested bean is currently in creation: Is there an unresolvable circular reference?
Caused by: org.springframework.beans.factory.UnsatisfiedDependencyException: Error creating bean with name 'springSecurityConfig': Unsatisfied dependency expressed through field 'accessDeniedHandler'; nested exception is org.springframework.beans.factory.UnsatisfiedDependencyException: Error creating bean with name 'customAccessDeniedHandler': Unsatisfied dependency expressed through field 'objectMapper'; nested exception is org.springframework.beans.factory.BeanCurrentlyInCreationException: Error creating bean with name 'objectMapper': Requested bean is currently in creation: Is there an unresolvable circular reference?
Caused by: org.springframework.beans.factory.UnsatisfiedDependencyException: Error creating bean with name 'customAccessDeniedHandler': Unsatisfied dependency expressed through field 'objectMapper'; nested exception is org.springframework.beans.factory.BeanCurrentlyInCreationException: Error creating bean with name 'objectMapper': Requested bean is currently in creation: Is there an unresolvable circular reference?
Caused by: org.springframework.beans.factory.BeanCurrentlyInCreationException: Error creating bean with name 'objectMapper': Requested bean is currently in creation: Is there an unresolvable circular reference?

